www.google.com : Connection Time=96 ms, TTFB=86 ms, Total Download Time=86 ms
www.google.com : Connection Time=92 ms, TTFB=82 ms, Total Download Time=82 ms
www.google.com : Connection Time=92 ms, TTFB=83 ms, Total Download Time=83 ms
www.google.com : Connection Time=91 ms, TTFB=80 ms, Total Download Time=80 ms
www.google.com : Connection Time=95 ms, TTFB=82 ms, Total Download Time=83 ms
www.facebook.com : Connection Time=133 ms, TTFB=124 ms, Total Download Time=124 ms
www.facebook.com : Connection Time=107 ms, TTFB=97 ms, Total Download Time=97 ms
www.facebook.com : Connection Time=108 ms, TTFB=99 ms, Total Download Time=99 ms
www.facebook.com : Connection Time=108 ms, TTFB=98 ms, Total Download Time=99 ms
www.facebook.com : Connection Time=109 ms, TTFB=99 ms, Total Download Time=99 ms
www.amazon.com : Connection Time=69 ms, TTFB=58 ms, Total Download Time=60 ms
www.amazon.com : Connection Time=66 ms, TTFB=57 ms, Total Download Time=57 ms
www.amazon.com : Connection Time=62 ms, TTFB=53 ms, Total Download Time=53 ms
www.amazon.com : Connection Time=62 ms, TTFB=50 ms, Total Download Time=50 ms
www.amazon.com : Connection Time=64 ms, TTFB=54 ms, Total Download Time=54 ms
www.wikipedia.org : Connection Time=50 ms, TTFB=38 ms, Total Download Time=41 ms
www.wikipedia.org : Connection Time=49 ms, TTFB=36 ms, Total Download Time=39 ms
www.wikipedia.org : Connection Time=50 ms, TTFB=39 ms, Total Download Time=41 ms
www.wikipedia.org : Connection Time=51 ms, TTFB=39 ms, Total Download Time=41 ms
www.wikipedia.org : Connection Time=52 ms, TTFB=37 ms, Total Download Time=42 ms
www.reddit.com : Connection Time=60 ms, TTFB=41 ms, Total Download Time=50 ms
www.reddit.com : Connection Time=398 ms, TTFB=373 ms, Total Download Time=386 ms
www.reddit.com : Connection Time=65 ms, TTFB=46 ms, Total Download Time=56 ms
www.reddit.com : Connection Time=63 ms, TTFB=40 ms, Total Download Time=51 ms
www.reddit.com : Connection Time=64 ms, TTFB=44 ms, Total Download Time=54 ms
www.purdue.edu : Connection Time=325 ms, TTFB=167 ms, Total Download Time=316 ms
www.purdue.edu : Connection Time=339 ms, TTFB=121 ms, Total Download Time=329 ms
www.purdue.edu : Connection Time=313 ms, TTFB=153 ms, Total Download Time=301 ms
www.purdue.edu : Connection Time=296 ms, TTFB=113 ms, Total Download Time=286 ms
www.purdue.edu : Connection Time=360 ms, TTFB=202 ms, Total Download Time=351 ms
