www.google.com : Connection Time=0ms, TTFB=0.164517ms, Total Download Time=0.194816ms
www.google.com : Connection Time=1000ms, TTFB=0.116507ms, Total Download Time=0.146153ms
www.google.com : Connection Time=0ms, TTFB=0.116154ms, Total Download Time=0.145757ms
www.google.com : Connection Time=0ms, TTFB=0.105313ms, Total Download Time=0.133874ms
www.google.com : Connection Time=0ms, TTFB=0.113805ms, Total Download Time=0.144793ms
www.facebook.com : Connection Time=0ms, TTFB=0.000000ms, Total Download Time=0.092150ms
www.facebook.com : Connection Time=0ms, TTFB=0.000000ms, Total Download Time=0.057895ms
www.facebook.com : Connection Time=0ms, TTFB=0.000000ms, Total Download Time=0.059030ms
www.facebook.com : Connection Time=1000ms, TTFB=0.000000ms, Total Download Time=0.057912ms
www.facebook.com : Connection Time=0ms, TTFB=0.000000ms, Total Download Time=0.063608ms
www.amazon.com : Connection Time=0ms, TTFB=0.062452ms, Total Download Time=0.062525ms
www.amazon.com : Connection Time=0ms, TTFB=0.042972ms, Total Download Time=0.043046ms
www.amazon.com : Connection Time=0ms, TTFB=0.041688ms, Total Download Time=0.041802ms
www.amazon.com : Connection Time=0ms, TTFB=0.041481ms, Total Download Time=0.041538ms
www.amazon.com : Connection Time=0ms, TTFB=0.153680ms, Total Download Time=0.153881ms
www.wikipedia.org : Connection Time=0ms, TTFB=0.000000ms, Total Download Time=0.135065ms
www.wikipedia.org : Connection Time=0ms, TTFB=0.000000ms, Total Download Time=0.103191ms
www.wikipedia.org : Connection Time=0ms, TTFB=0.000000ms, Total Download Time=0.165723ms
www.wikipedia.org : Connection Time=0ms, TTFB=0.000000ms, Total Download Time=0.140347ms
www.wikipedia.org : Connection Time=0ms, TTFB=0.000000ms, Total Download Time=0.102275ms
www.reddit.com : Connection Time=0ms, TTFB=0.000000ms, Total Download Time=0.080499ms
www.reddit.com : Connection Time=0ms, TTFB=0.000000ms, Total Download Time=0.058210ms
www.reddit.com : Connection Time=0ms, TTFB=0.000000ms, Total Download Time=0.167907ms
www.reddit.com : Connection Time=1000ms, TTFB=0.000000ms, Total Download Time=0.150342ms
www.reddit.com : Connection Time=0ms, TTFB=0.000000ms, Total Download Time=0.095850ms
www.purdue.edu : Connection Time=0ms, TTFB=0.000000ms, Total Download Time=0.467525ms
www.purdue.edu : Connection Time=0ms, TTFB=0.000000ms, Total Download Time=0.078337ms
www.purdue.edu : Connection Time=1000ms, TTFB=0.000000ms, Total Download Time=0.081834ms
www.purdue.edu : Connection Time=0ms, TTFB=0.000000ms, Total Download Time=0.154436ms
www.purdue.edu : Connection Time=0ms, TTFB=0.000000ms, Total Download Time=0.090532ms
