www.google.com : Connection Time=20 ms, TTFB=0 ms, Total Download Time=0 ms
www.google.com : Connection Time=18 ms, TTFB=0 ms, Total Download Time=0 ms
www.google.com : Connection Time=18 ms, TTFB=0 ms, Total Download Time=0 ms
www.google.com : Connection Time=19 ms, TTFB=0 ms, Total Download Time=0 ms
www.google.com : Connection Time=18 ms, TTFB=0 ms, Total Download Time=0 ms
www.facebook.com : Connection Time=19 ms, TTFB=0 ms, Total Download Time=0 ms
www.facebook.com : Connection Time=20 ms, TTFB=0 ms, Total Download Time=0 ms
www.facebook.com : Connection Time=19 ms, TTFB=0 ms, Total Download Time=0 ms
www.facebook.com : Connection Time=19 ms, TTFB=0 ms, Total Download Time=0 ms
www.facebook.com : Connection Time=17 ms, TTFB=0 ms, Total Download Time=0 ms
www.amazon.com : Connection Time=19 ms, TTFB=0 ms, Total Download Time=0 ms
www.amazon.com : Connection Time=19 ms, TTFB=0 ms, Total Download Time=0 ms
www.amazon.com : Connection Time=20 ms, TTFB=0 ms, Total Download Time=0 ms
www.amazon.com : Connection Time=20 ms, TTFB=0 ms, Total Download Time=0 ms
www.amazon.com : Connection Time=18 ms, TTFB=0 ms, Total Download Time=0 ms
www.wikipedia.org : Connection Time=19 ms, TTFB=0 ms, Total Download Time=0 ms
www.wikipedia.org : Connection Time=20 ms, TTFB=0 ms, Total Download Time=0 ms
www.wikipedia.org : Connection Time=19 ms, TTFB=0 ms, Total Download Time=0 ms
www.wikipedia.org : Connection Time=21 ms, TTFB=0 ms, Total Download Time=0 ms
www.wikipedia.org : Connection Time=21 ms, TTFB=0 ms, Total Download Time=0 ms
www.reddit.com : Connection Time=19 ms, TTFB=0 ms, Total Download Time=0 ms
www.reddit.com : Connection Time=19 ms, TTFB=0 ms, Total Download Time=0 ms
www.reddit.com : Connection Time=20 ms, TTFB=0 ms, Total Download Time=0 ms
www.reddit.com : Connection Time=19 ms, TTFB=0 ms, Total Download Time=0 ms
www.reddit.com : Connection Time=19 ms, TTFB=0 ms, Total Download Time=0 ms
www.purdue.edu : Connection Time=19 ms, TTFB=0 ms, Total Download Time=0 ms
www.purdue.edu : Connection Time=19 ms, TTFB=0 ms, Total Download Time=0 ms
www.purdue.edu : Connection Time=18 ms, TTFB=0 ms, Total Download Time=0 ms
www.purdue.edu : Connection Time=20 ms, TTFB=0 ms, Total Download Time=0 ms
www.purdue.edu : Connection Time=19 ms, TTFB=0 ms, Total Download Time=0 ms
